<?xml version="1.0" encoding="UTF-8"?>
<!-- Generated by org.testng.reporters.JUnitXMLReporter -->
<testsuite hostname="LAPTOP-L3T40ONI" name="Default test" tests="1" failures="0" timestamp="25 Sep 2021 03:30:41 GMT" time="2.552" errors="0">
  <testcase name="@BeforeMethod launchBrowser" time="0.0" classname="com.companyname.appname.testscript.FbLogin">
    <failure type="org.openqa.selenium.SessionNotCreatedException" message="session not created: This version of ChromeDriver only supports Chrome version 85
Build info: version: &amp;apos;3.141.59&amp;apos;, revision: &amp;apos;e82be7d358&amp;apos;, time: &amp;apos;2018-11-14T08:25:53&amp;apos;
System info: host: &amp;apos;LAPTOP-L3T40ONI&amp;apos;, ip: &amp;apos;9.81.210.16&amp;apos;, os.name: &amp;apos;Windows 10&amp;apos;, os.arch: &amp;apos;amd64&amp;apos;, os.version: &amp;apos;10.0&amp;apos;, java.version: &amp;apos;1.8.0_192&amp;apos;
Driver info: driver.version: ChromeDriver
remote stacktrace: Backtrace:
	Ordinal0 [0x00E3D383+3134339]
	Ordinal0 [0x00D2A171+2007409]
	Ordinal0 [0x00BCAEE8+569064]
	Ordinal0 [0x00B5139F+70559]
	Ordinal0 [0x00B4CC63+52323]
	Ordinal0 [0x00B70DFC+200188]
	Ordinal0 [0x00B70C1D+199709]
	Ordinal0 [0x00B6EB0B+191243]
	Ordinal0 [0x00B52E77+77431]
	Ordinal0 [0x00B53E3E+81470]
	Ordinal0 [0x00B53DC9+81353]
	Ordinal0 [0x00D40CD9+2100441]
	GetHandleVerifier [0x00FAB75A+1396954]
	GetHandleVerifier [0x00FAB3D9+1396057]
	GetHandleVerifier [0x00FB7126+1444518]
	GetHandleVerifier [0x00FABCE8+1398376]
	Ordinal0 [0x00D37F51+2064209]
	Ordinal0 [0x00D422EB+2106091]
	Ordinal0 [0x00D42411+2106385]
	Ordinal0 [0x00D549C4+2181572]
	BaseThreadInitThunk [0x757EFA29+25]
	RtlGetAppContainerNamedObjectPath [0x77867A9E+286]
	RtlGetAppContainerNamedObjectPath [0x77867A6E+238]
">
      <![CDATA[org.openqa.selenium.SessionNotCreatedException: session not created: This version of ChromeDriver only supports Chrome version 85
Build info: version: '3.141.59', revision: 'e82be7d358', time: '2018-11-14T08:25:53'
System info: host: 'LAPTOP-L3T40ONI', ip: '9.81.210.16', os.name: 'Windows 10', os.arch: 'amd64', os.version: '10.0', java.version: '1.8.0_192'
Driver info: driver.version: ChromeDriver
remote stacktrace: Backtrace:
	Ordinal0 [0x00E3D383+3134339]
	Ordinal0 [0x00D2A171+2007409]
	Ordinal0 [0x00BCAEE8+569064]
	Ordinal0 [0x00B5139F+70559]
	Ordinal0 [0x00B4CC63+52323]
	Ordinal0 [0x00B70DFC+200188]
	Ordinal0 [0x00B70C1D+199709]
	Ordinal0 [0x00B6EB0B+191243]
	Ordinal0 [0x00B52E77+77431]
	Ordinal0 [0x00B53E3E+81470]
	Ordinal0 [0x00B53DC9+81353]
	Ordinal0 [0x00D40CD9+2100441]
	GetHandleVerifier [0x00FAB75A+1396954]
	GetHandleVerifier [0x00FAB3D9+1396057]
	GetHandleVerifier [0x00FB7126+1444518]
	GetHandleVerifier [0x00FABCE8+1398376]
	Ordinal0 [0x00D37F51+2064209]
	Ordinal0 [0x00D422EB+2106091]
	Ordinal0 [0x00D42411+2106385]
	Ordinal0 [0x00D549C4+2181572]
	BaseThreadInitThunk [0x757EFA29+25]
	RtlGetAppContainerNamedObjectPath [0x77867A9E+286]
	RtlGetAppContainerNamedObjectPath [0x77867A6E+238]

	at sun.reflect.NativeConstructorAccessorImpl.newInstance0(Native Method)
	at sun.reflect.NativeConstructorAccessorImpl.newInstance(Unknown Source)
	at sun.reflect.DelegatingConstructorAccessorImpl.newInstance(Unknown Source)
	at java.lang.reflect.Constructor.newInstance(Unknown Source)
	at org.openqa.selenium.remote.W3CHandshakeResponse.lambda$errorHandler$0(W3CHandshakeResponse.java:62)
	at org.openqa.selenium.remote.HandshakeResponse.lambda$getResponseFunction$0(HandshakeResponse.java:30)
	at org.openqa.selenium.remote.ProtocolHandshake.lambda$createSession$0(ProtocolHandshake.java:126)
	at java.util.stream.ReferencePipeline$3$1.accept(Unknown Source)
	at java.util.Spliterators$ArraySpliterator.tryAdvance(Unknown Source)
	at java.util.stream.ReferencePipeline.forEachWithCancel(Unknown Source)
	at java.util.stream.AbstractPipeline.copyIntoWithCancel(Unknown Source)
	at java.util.stream.AbstractPipeline.copyInto(Unknown Source)
	at java.util.stream.AbstractPipeline.wrapAndCopyInto(Unknown Source)
	at java.util.stream.FindOps$FindOp.evaluateSequential(Unknown Source)
	at java.util.stream.AbstractPipeline.evaluate(Unknown Source)
	at java.util.stream.ReferencePipeline.findFirst(Unknown Source)
	at org.openqa.selenium.remote.ProtocolHandshake.createSession(ProtocolHandshake.java:128)
	at org.openqa.selenium.remote.ProtocolHandshake.createSession(ProtocolHandshake.java:74)
	at org.openqa.selenium.remote.HttpCommandExecutor.execute(HttpCommandExecutor.java:136)
	at org.openqa.selenium.remote.service.DriverCommandExecutor.execute(DriverCommandExecutor.java:83)
	at org.openqa.selenium.remote.RemoteWebDriver.execute(RemoteWebDriver.java:552)
	at org.openqa.selenium.remote.RemoteWebDriver.startSession(RemoteWebDriver.java:213)
	at org.openqa.selenium.remote.RemoteWebDriver.<init>(RemoteWebDriver.java:131)
	at org.openqa.selenium.chrome.ChromeDriver.<init>(ChromeDriver.java:181)
	at org.openqa.selenium.chrome.ChromeDriver.<init>(ChromeDriver.java:168)
	at org.openqa.selenium.chrome.ChromeDriver.<init>(ChromeDriver.java:123)
	at com.companyname.appname.basetest.BaseTest.launchBrowser(BaseTest.java:27)
	at sun.reflect.NativeMethodAccessorImpl.invoke0(Native Method)
	at sun.reflect.NativeMethodAccessorImpl.invoke(Unknown Source)
	at sun.reflect.DelegatingMethodAccessorImpl.invoke(Unknown Source)
	at java.lang.reflect.Method.invoke(Unknown Source)
	at org.testng.internal.MethodInvocationHelper.invokeMethod(MethodInvocationHelper.java:100)
	at org.testng.internal.Invoker.invokeConfigurationMethod(Invoker.java:515)
	at org.testng.internal.Invoker.invokeConfigurations(Invoker.java:216)
	at org.testng.internal.Invoker.invokeMethod(Invoker.java:590)
	at org.testng.internal.Invoker.invokeTestMethod(Invoker.java:811)
	at org.testng.internal.Invoker.invokeTestMethods(Invoker.java:1137)
	at org.testng.internal.TestMethodWorker.invokeTestMethods(TestMethodWorker.java:129)
	at org.testng.internal.TestMethodWorker.run(TestMethodWorker.java:112)
	at org.testng.TestRunner.privateRun(TestRunner.java:753)
	at org.testng.TestRunner.run(TestRunner.java:607)
	at org.testng.SuiteRunner.runTest(SuiteRunner.java:368)
	at org.testng.SuiteRunner.runSequentially(SuiteRunner.java:363)
	at org.testng.SuiteRunner.privateRun(SuiteRunner.java:321)
	at org.testng.SuiteRunner.run(SuiteRunner.java:270)
	at org.testng.SuiteRunnerWorker.runSuite(SuiteRunnerWorker.java:52)
	at org.testng.SuiteRunnerWorker.run(SuiteRunnerWorker.java:86)
	at org.testng.TestNG.runSuitesSequentially(TestNG.java:1284)
	at org.testng.TestNG.runSuitesLocally(TestNG.java:1209)
	at org.testng.TestNG.runSuites(TestNG.java:1124)
	at org.testng.TestNG.run(TestNG.java:1096)
	at org.testng.remote.AbstractRemoteTestNG.run(AbstractRemoteTestNG.java:132)
	at org.testng.remote.RemoteTestNG.initAndRun(RemoteTestNG.java:236)
	at org.testng.remote.RemoteTestNG.main(RemoteTestNG.java:81)
]]>
    </failure>
  </testcase> <!-- @BeforeMethod launchBrowser -->
  <testcase name="@AfterMethod closeBrowser" time="0.0" classname="com.companyname.appname.testscript.FbLogin">
    <skipped/>
  </testcase> <!-- @AfterMethod closeBrowser -->
  <testcase name="doFbLogin" time="0.003" classname="com.companyname.appname.testscript.FbLogin">
    <skipped/>
  </testcase> <!-- doFbLogin -->
</testsuite> <!-- Default test -->
